2022-05-14 18:17:20 INFO  Main:18 - Server Starts!
2022-05-14 18:17:20 INFO  Main:28 - ThreadPool Starts!
2022-05-14 18:20:04 INFO  Main:18 - Server Starts!
2022-05-14 18:20:04 INFO  Main:28 - ThreadPool Starts!
2022-05-14 18:20:14 INFO  Main:33 - Stopping Server!
2022-05-14 18:20:14 INFO  Main:36 - Server Stopped!
2022-05-14 18:21:03 INFO  Main:18 - Server Starts!
2022-05-14 18:21:03 INFO  Main:28 - ThreadPool Starts!
2022-05-14 18:21:48 INFO  Main:18 - Server Starts!
2022-05-14 18:21:48 INFO  Main:28 - ThreadPool Starts!
2022-05-14 18:21:51 INFO  Main:33 - Stopping Server!
2022-05-14 18:21:51 INFO  Main:36 - Server Stopped!
2022-05-15 13:36:33 INFO  Main:18 - Server Starts!
2022-05-15 13:36:33 INFO  Main:28 - ThreadPool Starts!
2022-05-15 13:45:16 INFO  Main:18 - Server Starts!
2022-05-15 13:45:16 INFO  Main:28 - ThreadPool Starts!
2022-05-15 13:47:48 INFO  Main:18 - Server Starts!
2022-05-15 13:47:48 INFO  Main:28 - ThreadPool Starts!
2022-05-15 13:47:57 ERROR NewMessageRequestHandler:25 - data parse error!
2022-05-15 14:00:55 INFO  Main:18 - Server Starts!
2022-05-15 14:00:55 INFO  Main:28 - ThreadPool Starts!
2022-05-15 14:01:31 INFO  Main:18 - Server Starts!
2022-05-15 14:01:31 INFO  Main:28 - ThreadPool Starts!
2022-05-15 14:02:57 INFO  Main:18 - Server Starts!
2022-05-15 14:02:57 INFO  Main:28 - ThreadPool Starts!
2022-05-15 14:03:36 INFO  Main:18 - Server Starts!
2022-05-15 14:03:36 INFO  Main:28 - ThreadPool Starts!
2022-05-15 14:04:15 INFO  Main:18 - Server Starts!
2022-05-15 14:04:15 INFO  Main:28 - ThreadPool Starts!
2022-05-15 14:07:16 INFO  Main:18 - Server Starts!
2022-05-15 14:07:16 INFO  Main:28 - ThreadPool Starts!
2022-05-15 14:07:28 INFO  TimeOutTask:35 - session 0 is closed
2022-05-15 14:07:49 ERROR NewMessageRequestHandler:25 - data parse error!
2022-05-15 14:10:15 INFO  Main:18 - Server Starts!
2022-05-15 14:10:15 INFO  Main:28 - ThreadPool Starts!
2022-05-15 14:10:30 INFO  TimeOutTask:35 - session 0 is closed
2022-05-15 14:11:38 INFO  Main:18 - Server Starts!
2022-05-15 14:11:38 INFO  Main:28 - ThreadPool Starts!
2022-05-15 14:11:56 INFO  TimeOutTask:35 - session 0 is closed
2022-05-15 14:12:41 INFO  TimeOutTask:35 - session 1 is closed
2022-05-15 14:14:44 INFO  TimeOutTask:35 - session 2 is closed
2022-05-15 14:16:33 INFO  TimeOutTask:35 - session 3 is closed
2022-05-15 14:16:58 INFO  Main:18 - Server Starts!
2022-05-15 14:16:58 INFO  Main:28 - ThreadPool Starts!
2022-05-15 14:18:28 INFO  TimeOutTask:35 - session 0 is closed
2022-05-15 14:19:07 INFO  TimeOutTask:35 - session 1 is closed
2022-05-15 14:19:37 INFO  TimeOutTask:35 - session 2 is closed
2022-05-15 14:21:14 INFO  TimeOutTask:35 - session 3 is closed
2022-05-15 14:32:33 INFO  TimeOutTask:35 - session 5 is closed
2022-05-15 14:33:46 INFO  TimeOutTask:35 - session 6 is closed
2022-05-15 14:35:36 INFO  Main:18 - Server Starts!
2022-05-15 14:35:36 INFO  Main:28 - ThreadPool Starts!
2022-05-15 14:36:27 INFO  TimeOutTask:35 - session 1 is closed
2022-05-15 14:37:13 INFO  TimeOutTask:35 - session 2 is closed
2022-05-15 14:37:46 INFO  TimeOutTask:35 - session 0 is closed
2022-05-15 15:01:12 INFO  Main:18 - Server Starts!
2022-05-15 15:01:12 INFO  Main:28 - ThreadPool Starts!
2022-05-15 15:01:57 INFO  TimeOutTask:35 - session 0 is closed
2022-05-15 15:03:18 INFO  TimeOutTask:35 - session 1 is closed
2022-05-15 15:04:33 INFO  Main:18 - Server Starts!
2022-05-15 15:04:33 INFO  Main:28 - ThreadPool Starts!
2022-05-15 15:07:18 INFO  TimeOutTask:35 - session 1 is closed
2022-05-15 15:08:33 INFO  TimeOutTask:35 - session 0 is closed
2022-05-15 15:12:01 INFO  TimeOutTask:35 - session 2 is closed
2022-05-15 15:12:58 INFO  TimeOutTask:35 - session 3 is closed
2022-05-15 15:15:10 INFO  TimeOutTask:35 - session 4 is closed
2022-05-15 15:16:23 INFO  TimeOutTask:35 - session 5 is closed
2022-05-15 15:18:26 INFO  TimeOutTask:35 - session 6 is closed
2022-05-15 15:20:56 INFO  TimeOutTask:35 - session 7 is closed
2022-05-15 15:22:27 INFO  TimeOutTask:35 - session 8 is closed
2022-05-15 23:39:30 INFO  Main:18 - Server Starts!
2022-05-15 23:39:30 INFO  Main:28 - ThreadPool Starts!
2022-05-15 23:41:45 INFO  Main:18 - Server Starts!
2022-05-15 23:41:46 INFO  Main:28 - ThreadPool Starts!
2022-05-15 23:44:01 INFO  TimeOutTask:35 - session 0 is closed
2022-05-15 23:45:21 INFO  Main:18 - Server Starts!
2022-05-15 23:45:21 INFO  Main:28 - ThreadPool Starts!
2022-05-15 23:45:48 INFO  TimeOutTask:35 - session 0 is closed
2022-05-16 00:01:15 INFO  Main:22 - Server Starts!
2022-05-16 00:01:15 INFO  Main:32 - ThreadPool Starts!
2022-05-16 00:01:22 INFO  Main:37 - Stopping Server!
2022-05-16 00:01:22 INFO  Main:40 - Server Stopped!
